<?xml version="1.0" encoding="UTF-8"?>
<testng-results skipped="0" failed="0" ignored="0" total="1" passed="1">
  <reporter-output>
  </reporter-output>
  <suite name="Default suite" duration-ms="53146" started-at="2020-01-10T20:32:46Z" finished-at="2020-01-10T20:33:39Z">
    <groups>
    </groups>
    <test name="Default test" duration-ms="53146" started-at="2020-01-10T20:32:46Z" finished-at="2020-01-10T20:33:39Z">
      <class name="com.sailotech.assignment.tripadvisor.Trip">
        <test-method status="PASS" signature="setup()[pri:0, instance:com.sailotech.assignment.tripadvisor.Trip@675d3402]" name="setup" is-config="true" duration-ms="5922" started-at="2020-01-11T02:02:46Z" finished-at="2020-01-11T02:02:52Z">
          <reporter-output>
          </reporter-output>
        </test-method> <!-- setup -->
        <test-method status="PASS" signature="TripAdvisor()[pri:0, instance:com.sailotech.assignment.tripadvisor.Trip@675d3402]" name="TripAdvisor" duration-ms="47208" started-at="2020-01-11T02:02:52Z" finished-at="2020-01-11T02:03:39Z">
          <reporter-output>
          </reporter-output>
        </test-method> <!-- TripAdvisor -->
      </class> <!-- com.sailotech.assignment.tripadvisor.Trip -->
    </test> <!-- Default test -->
  </suite> <!-- Default suite -->
</testng-results>
